# JRE version: Java(TM) SE Runtime Environment (9.0+11) (build 9.0.4+11)
# Java VM: Java HotSpot(TM) 64-Bit Server VM (9.0.4+11, mixed mode, tiered, compressed oops, g1 gc, windows-amd64)
Heap:
 garbage-first heap   total 190464K, used 111379K [0x0000000700000000, 0x00000007001005d0, 0x00000007c0000000)
  region size 1024K, 51 young (52224K), 0 survivors (0K)
 Metaspace       used 74037K, capacity 79105K, committed 79356K, reserved 1118208K
  class space    used 10254K, capacity 11149K, committed 11260K, reserved 1048576K
GC Heap History (10 events):
Event: 86.157 GC heap before
{Heap before GC invocations=39 (full 1):
 garbage-first heap   total 190464K, used 122559K [0x0000000700000000, 0x00000007001005d0, 0x00000007c0000000)
  region size 1024K, 60 young (61440K), 3 survivors (3072K)
 Metaspace       used 73031K, capacity 77991K, committed 78204K, reserved 1116160K
  class space    used 10152K, capacity 11036K, committed 11132K, reserved 1048576K
}
Event: 86.163 GC heap after
{Heap after GC invocations=40 (full 1):
 garbage-first heap   total 190464K, used 64294K [0x0000000700000000, 0x00000007001005d0, 0x00000007c0000000)
  region size 1024K, 3 young (3072K), 3 survivors (3072K)
 Metaspace       used 73031K, capacity 77991K, committed 78204K, reserved 1116160K
  class space    used 10152K, capacity 11036K, committed 11132K, reserved 1048576K
}
Event: 86.648 GC heap before
{Heap before GC invocations=40 (full 1):
 garbage-first heap   total 190464K, used 122662K [0x0000000700000000, 0x00000007001005d0, 0x00000007c0000000)
  region size 1024K, 60 young (61440K), 3 survivors (3072K)
 Metaspace       used 73032K, capacity 77991K, committed 78204K, reserved 1116160K
  class space    used 10152K, capacity 11036K, committed 11132K, reserved 1048576K
}
Event: 86.654 GC heap after
{Heap after GC invocations=41 (full 1):
 garbage-first heap   total 190464K, used 64294K [0x0000000700000000, 0x00000007001005d0, 0x00000007c0000000)
  region size 1024K, 3 young (3072K), 3 survivors (3072K)
 Metaspace       used 73032K, capacity 77991K, committed 78204K, reserved 1116160K
  class space    used 10152K, capacity 11036K, committed 11132K, reserved 1048576K
}
Event: 87.078 GC heap before
{Heap before GC invocations=41 (full 1):
 garbage-first heap   total 190464K, used 122662K [0x0000000700000000, 0x00000007001005d0, 0x00000007c0000000)
  region size 1024K, 60 young (61440K), 3 survivors (3072K)
 Metaspace       used 73033K, capacity 77991K, committed 78204K, reserved 1116160K
  class space    used 10152K, capacity 11036K, committed 11132K, reserved 1048576K
}
Event: 87.084 GC heap after
{Heap after GC invocations=42 (full 1):
 garbage-first heap   total 190464K, used 64291K [0x0000000700000000, 0x00000007001005d0, 0x00000007c0000000)
  region size 1024K, 3 young (3072K), 3 survivors (3072K)
 Metaspace       used 73033K, capacity 77991K, committed 78204K, reserved 1116160K
  class space    used 10152K, capacity 11036K, committed 11132K, reserved 1048576K
}
Event: 90.217 GC heap before
{Heap before GC invocations=42 (full 1):
 garbage-first heap   total 190464K, used 122659K [0x0000000700000000, 0x00000007001005d0, 0x00000007c0000000)
  region size 1024K, 60 young (61440K), 3 survivors (3072K)
 Metaspace       used 73649K, capacity 78715K, committed 78844K, reserved 1116160K
  class space    used 10251K, capacity 11148K, committed 11260K, reserved 1048576K
}
Event: 90.225 GC heap after
{Heap after GC invocations=43 (full 1):
 garbage-first heap   total 190464K, used 66563K [0x0000000700000000, 0x00000007001005d0, 0x00000007c0000000)
  region size 1024K, 5 young (5120K), 5 survivors (5120K)
 Metaspace       used 73649K, capacity 78715K, committed 78844K, reserved 1116160K
  class space    used 10251K, capacity 11148K, committed 11260K, reserved 1048576K
}
Event: 92.019 GC heap before
{Heap before GC invocations=43 (full 1):
 garbage-first heap   total 190464K, used 114691K [0x0000000700000000, 0x00000007001005d0, 0x00000007c0000000)
  region size 1024K, 53 young (54272K), 5 survivors (5120K)
 Metaspace       used 73760K, capacity 78843K, committed 79100K, reserved 1118208K
  class space    used 10252K, capacity 11148K, committed 11260K, reserved 1048576K
}
Event: 92.218 GC heap after
{Heap after GC invocations=44 (full 2):
 garbage-first heap   total 190464K, used 60179K [0x0000000700000000, 0x00000007001005d0, 0x00000007c0000000)
  region size 1024K, 0 young (0K), 0 survivors (0K)
 Metaspace       used 73760K, capacity 78843K, committed 79100K, reserved 1118208K
  class space    used 10252K, capacity 11148K, committed 11260K, reserved 1048576K
}

